<?xml version="1.0" encoding="UTF-8"?>
<!-- Generated by org.testng.reporters.JUnitReportReporter -->
<testsuite hostname="DESKTOP-S4P2VG9" failures="0" tests="1" name="Project_Demo.Main" time="12.640" errors="0" timestamp="2023-10-09T13:18:51 IST" skipped="0">
  <testcase classname="Project_Demo.Main" name="test" time="12.640"/>
  <system-out/>
</testsuite> <!-- Project_Demo.Main -->
